::1 - - [02/Jul/2022:07:22:15 +0000] "GET /post/ HTTP/1.1" 200 427 "-" "PostmanRuntime/7.29.0"
::1 - - [02/Jul/2022:07:24:54 +0000] "GET /user%D8%B862bf1ec9b5fc8117831a3e80 HTTP/1.1" 404 173 "-" "PostmanRuntime/7.29.0"
::1 - - [02/Jul/2022:07:25:23 +0000] "GET /user/62bf1ec9b5fc8117831a3e80 HTTP/1.1" 200 140 "-" "PostmanRuntime/7.29.0"
::1 - - [02/Jul/2022:07:25:52 +0000] "GET /user/ HTTP/1.1" 200 414 "-" "PostmanRuntime/7.29.0"
::1 - - [02/Jul/2022:07:26:46 +0000] "PUT /post/62bfedc1dfbbcb7b8766e72d HTTP/1.1" 200 6 "-" "PostmanRuntime/7.29.0"
::1 - - [02/Jul/2022:07:26:54 +0000] "GET /post/62bfedc1dfbbcb7b8766e72d HTTP/1.1" 200 213 "-" "PostmanRuntime/7.29.0"
::1 - - [02/Jul/2022:08:35:50 +0000] "GET /post HTTP/1.1" 200 426 "-" "PostmanRuntime/7.29.0"
::1 - - [02/Jul/2022:08:42:25 +0000] "GET /user HTTP/1.1" 200 414 "-" "PostmanRuntime/7.29.0"
::1 - - [02/Jul/2022:08:42:43 +0000] "DELETE /user/62bf08a7ee006364f6f86939 HTTP/1.1" 200 2 "-" "PostmanRuntime/7.29.0"
::1 - - [02/Jul/2022:08:42:52 +0000] "GET /user/62bf08a7ee006364f6f86939 HTTP/1.1" 200 139 "-" "PostmanRuntime/7.29.0"
::1 - - [02/Jul/2022:08:43:00 +0000] "GET /user/ HTTP/1.1" 200 414 "-" "PostmanRuntime/7.29.0"
::1 - - [02/Jul/2022:08:44:00 +0000] "GET /user/62bf08a7ee006364f6f86939 HTTP/1.1" 200 139 "-" "PostmanRuntime/7.29.0"
::1 - - [02/Jul/2022:08:44:07 +0000] "DELETE /user/62bf08a7ee006364f6f86939 HTTP/1.1" 200 2 "-" "PostmanRuntime/7.29.0"
::1 - - [02/Jul/2022:08:44:16 +0000] "GET /user/62bf08a7ee006364f6f86939 HTTP/1.1" 200 139 "-" "PostmanRuntime/7.29.0"
::1 - - [02/Jul/2022:08:44:23 +0000] "GET /post HTTP/1.1" 200 426 "-" "PostmanRuntime/7.29.0"
::1 - - [02/Jul/2022:08:44:40 +0000] "DELETE /post/62bff08c85e33479c6c8859b HTTP/1.1" 200 6 "-" "PostmanRuntime/7.29.0"
::1 - - [02/Jul/2022:08:44:44 +0000] "GET /post/62bff08c85e33479c6c8859b HTTP/1.1" 200 2 "-" "PostmanRuntime/7.29.0"
::1 - - [02/Jul/2022:08:44:49 +0000] "GET /post/ HTTP/1.1" 200 213 "-" "PostmanRuntime/7.29.0"
::1 - - [02/Jul/2022:08:44:56 +0000] "GET /user/ HTTP/1.1" 200 414 "-" "PostmanRuntime/7.29.0"
::1 - - [02/Jul/2022:08:45:27 +0000] "GET /user/ HTTP/1.1" 200 414 "-" "PostmanRuntime/7.29.0"
::1 - - [02/Jul/2022:08:45:34 +0000] "GET /user/62bf08a7ee006364f6f86939 HTTP/1.1" 200 139 "-" "PostmanRuntime/7.29.0"
::1 - - [02/Jul/2022:08:45:38 +0000] "DELETE /user/62bf08a7ee006364f6f86939 HTTP/1.1" 200 6 "-" "PostmanRuntime/7.29.0"
::1 - - [02/Jul/2022:08:45:42 +0000] "GET /user/62bf08a7ee006364f6f86939 HTTP/1.1" 200 2 "-" "PostmanRuntime/7.29.0"
::1 - - [02/Jul/2022:08:45:46 +0000] "GET /post/ HTTP/1.1" 200 80 "-" "PostmanRuntime/7.29.0"
::1 - - [02/Jul/2022:08:46:00 +0000] "GET /post/ HTTP/1.1" 200 80 "-" "PostmanRuntime/7.29.0"
::1 - - [02/Jul/2022:08:46:10 +0000] "GET /user/ HTTP/1.1" 200 276 "-" "PostmanRuntime/7.29.0"
::1 - - [02/Jul/2022:08:46:50 +0000] "POST /user/ HTTP/1.1" 500 19 "-" "PostmanRuntime/7.29.0"
::1 - - [02/Jul/2022:08:47:45 +0000] "POST /user/ HTTP/1.1" 200 135 "-" "PostmanRuntime/7.29.0"
::1 - - [02/Jul/2022:08:47:51 +0000] "GET /user/ HTTP/1.1" 200 412 "-" "PostmanRuntime/7.29.0"
::1 - - [02/Jul/2022:08:48:26 +0000] "POST /post/ HTTP/1.1" 200 100 "-" "PostmanRuntime/7.29.0"
::1 - - [02/Jul/2022:08:48:32 +0000] "GET /post/ HTTP/1.1" 200 290 "-" "PostmanRuntime/7.29.0"
::1 - - [02/Jul/2022:08:48:54 +0000] "GET /user/62c006316c23006a7dd85a6d HTTP/1.1" 200 137 "-" "PostmanRuntime/7.29.0"
::1 - - [02/Jul/2022:08:49:03 +0000] "DELETE /user/62c006316c23006a7dd85a6d HTTP/1.1" 200 2 "-" "PostmanRuntime/7.29.0"
::1 - - [02/Jul/2022:08:49:25 +0000] "GET /user/62c006316c23006a7dd85a6d HTTP/1.1" 200 137 "-" "PostmanRuntime/7.29.0"
::1 - - [02/Jul/2022:08:49:31 +0000] "GET /post/ HTTP/1.1" 200 290 "-" "PostmanRuntime/7.29.0"
::1 - - [02/Jul/2022:08:49:50 +0000] "GET /user/62c006316c23006a7dd85a6d HTTP/1.1" 200 137 "-" "PostmanRuntime/7.29.0"
::1 - - [02/Jul/2022:08:49:54 +0000] "DELETE /user/62c006316c23006a7dd85a6d HTTP/1.1" 200 6 "-" "PostmanRuntime/7.29.0"
::1 - - [02/Jul/2022:08:50:00 +0000] "GET /post/ HTTP/1.1" 200 159 "-" "PostmanRuntime/7.29.0"
::1 - - [02/Jul/2022:10:32:28 +0000] "DELETE /user/62c006316c23006a7dd85a6d HTTP/1.1" 200 6 "-" "PostmanRuntime/7.29.0"
::1 - - [02/Jul/2022:10:32:33 +0000] "GET /user/62c006316c23006a7dd85a6d HTTP/1.1" 200 2 "-" "PostmanRuntime/7.29.0"
::1 - - [02/Jul/2022:10:32:36 +0000] "GET /user/ HTTP/1.1" 200 276 "-" "PostmanRuntime/7.29.0"
::1 - - [02/Jul/2022:10:33:01 +0000] "GET /user/ HTTP/1.1" 200 276 "-" "PostmanRuntime/7.29.0"
::1 - - [02/Jul/2022:10:37:42 +0000] "GET /user/62bf1999e505ebb5100a0258 HTTP/1.1" 200 137 "-" "PostmanRuntime/7.29.0"
::1 - - [02/Jul/2022:10:44:43 +0000] "GET /user/ HTTP/1.1" 200 276 "-" "PostmanRuntime/7.29.0"
::1 - - [02/Jul/2022:10:45:09 +0000] "POST /user/ HTTP/1.1" 200 135 "-" "PostmanRuntime/7.29.0"
::1 - - [02/Jul/2022:10:45:19 +0000] "GET /user/ HTTP/1.1" 200 412 "-" "PostmanRuntime/7.29.0"
::1 - - [02/Jul/2022:10:47:25 +0000] "POST /user/ HTTP/1.1" 500 19 "-" "PostmanRuntime/7.29.0"
::1 - - [02/Jul/2022:10:47:54 +0000] "POST /user/ HTTP/1.1" 200 4 "-" "PostmanRuntime/7.29.0"
::1 - - [02/Jul/2022:10:48:04 +0000] "GET /user/ HTTP/1.1" 200 550 "-" "PostmanRuntime/7.29.0"
::1 - - [02/Jul/2022:10:51:39 +0000] "DELETE /user/62c0225a73dc143b2b8c519a HTTP/1.1" 200 9 "-" "PostmanRuntime/7.29.0"
::1 - - [02/Jul/2022:10:51:46 +0000] "GET /user/62c0225a73dc143b2b8c519a HTTP/1.1" 200 2 "-" "PostmanRuntime/7.29.0"
::1 - - [02/Jul/2022:10:51:50 +0000] "GET /user/ HTTP/1.1" 200 412 "-" "PostmanRuntime/7.29.0"
::1 - - [02/Jul/2022:10:57:04 +0000] "PUT /user/62c021b50fc196906d0b2099 HTTP/1.1" 200 9 "-" "PostmanRuntime/7.29.0"
::1 - - [02/Jul/2022:10:57:10 +0000] "GET /user/62c021b50fc196906d0b2099 HTTP/1.1" 200 135 "-" "PostmanRuntime/7.29.0"
::1 - - [02/Jul/2022:10:57:17 +0000] "GET /user/ HTTP/1.1" 200 410 "-" "PostmanRuntime/7.29.0"
